<?xml version="1.0" encoding="UTF-8"?>
<testsuite xmlns:xsi="http://www.w3.org/2001/XMLSchema-instance" xsi:noNamespaceSchemaLocation="https://maven.apache.org/surefire/maven-surefire-plugin/xsd/surefire-test-report-3.0.xsd" version="3.0" name="TestSuite" time="14.911" tests="2" errors="0" skipped="0" failures="0">
  <properties>
    <property name="sun.desktop" value="windows"/>
    <property name="awt.toolkit" value="sun.awt.windows.WToolkit"/>
    <property name="file.encoding.pkg" value="sun.io"/>
    <property name="java.specification.version" value="1.8"/>
    <property name="webdriver.chrome.driver" value="C:\Users\Prashsti Amit ji\.cache\selenium\chromedriver\win32\92.0.4515.107\chromedriver.exe"/>
    <property name="sun.cpu.isalist" value="amd64"/>
    <property name="sun.jnu.encoding" value="Cp1252"/>
    <property name="java.class.path" value="D:\Selenium Code\gitexample2\target\test-classes;D:\Selenium Code\gitexample2\target\classes;C:\Users\Prashsti Amit ji\.m2\repository\org\testng\testng\7.4.0\testng-7.4.0.jar;C:\Users\Prashsti Amit ji\.m2\repository\com\beust\jcommander\1.78\jcommander-1.78.jar;C:\Users\Prashsti Amit ji\.m2\repository\org\webjars\jquery\3.5.1\jquery-3.5.1.jar;C:\Users\Prashsti Amit ji\.m2\repository\org\seleniumhq\selenium\selenium-java\4.0.0-beta-3\selenium-java-4.0.0-beta-3.jar;C:\Users\Prashsti Amit ji\.m2\repository\org\seleniumhq\selenium\selenium-api\4.0.0-beta-3\selenium-api-4.0.0-beta-3.jar;C:\Users\Prashsti Amit ji\.m2\repository\org\seleniumhq\selenium\selenium-chrome-driver\4.0.0-beta-3\selenium-chrome-driver-4.0.0-beta-3.jar;C:\Users\Prashsti Amit ji\.m2\repository\com\google\auto\service\auto-service-annotations\1.0-rc7\auto-service-annotations-1.0-rc7.jar;C:\Users\Prashsti Amit ji\.m2\repository\com\google\auto\service\auto-service\1.0-rc7\auto-service-1.0-rc7.jar;C:\Users\Prashsti Amit ji\.m2\repository\com\google\auto\auto-common\0.10\auto-common-0.10.jar;C:\Users\Prashsti Amit ji\.m2\repository\com\google\guava\guava\30.1-jre\guava-30.1-jre.jar;C:\Users\Prashsti Amit ji\.m2\repository\com\google\guava\failureaccess\1.0.1\failureaccess-1.0.1.jar;C:\Users\Prashsti Amit ji\.m2\repository\com\google\guava\listenablefuture\9999.0-empty-to-avoid-conflict-with-guava\listenablefuture-9999.0-empty-to-avoid-conflict-with-guava.jar;C:\Users\Prashsti Amit ji\.m2\repository\com\google\code\findbugs\jsr305\3.0.2\jsr305-3.0.2.jar;C:\Users\Prashsti Amit ji\.m2\repository\org\checkerframework\checker-qual\3.5.0\checker-qual-3.5.0.jar;C:\Users\Prashsti Amit ji\.m2\repository\com\google\errorprone\error_prone_annotations\2.3.4\error_prone_annotations-2.3.4.jar;C:\Users\Prashsti Amit ji\.m2\repository\com\google\j2objc\j2objc-annotations\1.3\j2objc-annotations-1.3.jar;C:\Users\Prashsti Amit ji\.m2\repository\org\seleniumhq\selenium\selenium-chromium-driver\4.0.0-beta-3\selenium-chromium-driver-4.0.0-beta-3.jar;C:\Users\Prashsti Amit ji\.m2\repository\org\seleniumhq\selenium\selenium-devtools\4.0.0-beta-3\selenium-devtools-4.0.0-beta-3.jar;C:\Users\Prashsti Amit ji\.m2\repository\org\seleniumhq\selenium\selenium-http\4.0.0-beta-3\selenium-http-4.0.0-beta-3.jar;C:\Users\Prashsti Amit ji\.m2\repository\org\seleniumhq\selenium\selenium-json\4.0.0-beta-3\selenium-json-4.0.0-beta-3.jar;C:\Users\Prashsti Amit ji\.m2\repository\org\seleniumhq\selenium\selenium-devtools-v85\4.0.0-beta-3\selenium-devtools-v85-4.0.0-beta-3.jar;C:\Users\Prashsti Amit ji\.m2\repository\org\seleniumhq\selenium\selenium-devtools-v88\4.0.0-beta-3\selenium-devtools-v88-4.0.0-beta-3.jar;C:\Users\Prashsti Amit ji\.m2\repository\org\seleniumhq\selenium\selenium-devtools-v89\4.0.0-beta-3\selenium-devtools-v89-4.0.0-beta-3.jar;C:\Users\Prashsti Amit ji\.m2\repository\org\seleniumhq\selenium\selenium-devtools-v90\4.0.0-beta-3\selenium-devtools-v90-4.0.0-beta-3.jar;C:\Users\Prashsti Amit ji\.m2\repository\org\seleniumhq\selenium\selenium-devtools-v91\4.0.0-beta-3\selenium-devtools-v91-4.0.0-beta-3.jar;C:\Users\Prashsti Amit ji\.m2\repository\org\seleniumhq\selenium\selenium-edge-driver\4.0.0-beta-3\selenium-edge-driver-4.0.0-beta-3.jar;C:\Users\Prashsti Amit ji\.m2\repository\org\seleniumhq\selenium\selenium-firefox-driver\4.0.0-beta-3\selenium-firefox-driver-4.0.0-beta-3.jar;C:\Users\Prashsti Amit ji\.m2\repository\org\seleniumhq\selenium\selenium-firefox-xpi-driver\4.0.0-beta-3\selenium-firefox-xpi-driver-4.0.0-beta-3.jar;C:\Users\Prashsti Amit ji\.m2\repository\org\seleniumhq\selenium\selenium-ie-driver\4.0.0-beta-3\selenium-ie-driver-4.0.0-beta-3.jar;C:\Users\Prashsti Amit ji\.m2\repository\org\seleniumhq\selenium\selenium-opera-driver\4.0.0-beta-3\selenium-opera-driver-4.0.0-beta-3.jar;C:\Users\Prashsti Amit ji\.m2\repository\org\seleniumhq\selenium\selenium-remote-driver\4.0.0-beta-3\selenium-remote-driver-4.0.0-beta-3.jar;C:\Users\Prashsti Amit ji\.m2\repository\io\netty\netty-buffer\4.1.58.Final\netty-buffer-4.1.58.Final.jar;C:\Users\Prashsti Amit ji\.m2\repository\io\netty\netty-codec-http\4.1.58.Final\netty-codec-http-4.1.58.Final.jar;C:\Users\Prashsti Amit ji\.m2\repository\io\netty\netty-codec\4.1.58.Final\netty-codec-4.1.58.Final.jar;C:\Users\Prashsti Amit ji\.m2\repository\io\netty\netty-handler\4.1.58.Final\netty-handler-4.1.58.Final.jar;C:\Users\Prashsti Amit ji\.m2\repository\io\netty\netty-common\4.1.58.Final\netty-common-4.1.58.Final.jar;C:\Users\Prashsti Amit ji\.m2\repository\io\netty\netty-transport-native-epoll\4.1.58.Final\netty-transport-native-epoll-4.1.58.Final.jar;C:\Users\Prashsti Amit ji\.m2\repository\io\netty\netty-transport-native-kqueue\4.1.58.Final\netty-transport-native-kqueue-4.1.58.Final.jar;C:\Users\Prashsti Amit ji\.m2\repository\io\netty\netty-transport-native-unix-common\4.1.58.Final\netty-transport-native-unix-common-4.1.58.Final.jar;C:\Users\Prashsti Amit ji\.m2\repository\io\netty\netty-transport\4.1.58.Final\netty-transport-4.1.58.Final.jar;C:\Users\Prashsti Amit ji\.m2\repository\io\netty\netty-resolver\4.1.58.Final\netty-resolver-4.1.58.Final.jar;C:\Users\Prashsti Amit ji\.m2\repository\io\opentelemetry\opentelemetry-api\1.0.0\opentelemetry-api-1.0.0.jar;C:\Users\Prashsti Amit ji\.m2\repository\io\opentelemetry\opentelemetry-context\1.0.0\opentelemetry-context-1.0.0.jar;C:\Users\Prashsti Amit ji\.m2\repository\io\opentelemetry\opentelemetry-exporter-logging\1.0.0\opentelemetry-exporter-logging-1.0.0.jar;C:\Users\Prashsti Amit ji\.m2\repository\io\opentelemetry\opentelemetry-sdk-metrics\1.0.0-alpha\opentelemetry-sdk-metrics-1.0.0-alpha.jar;C:\Users\Prashsti Amit ji\.m2\repository\io\opentelemetry\opentelemetry-sdk-common\1.0.0\opentelemetry-sdk-common-1.0.0.jar;C:\Users\Prashsti Amit ji\.m2\repository\io\opentelemetry\opentelemetry-sdk-extension-autoconfigure\1.0.0-alpha\opentelemetry-sdk-extension-autoconfigure-1.0.0-alpha.jar;C:\Users\Prashsti Amit ji\.m2\repository\io\opentelemetry\opentelemetry-sdk-trace\1.0.0\opentelemetry-sdk-trace-1.0.0.jar;C:\Users\Prashsti Amit ji\.m2\repository\io\opentelemetry\opentelemetry-api-metrics\1.0.0-alpha\opentelemetry-api-metrics-1.0.0-alpha.jar;C:\Users\Prashsti Amit ji\.m2\repository\io\opentelemetry\opentelemetry-sdk\1.0.0\opentelemetry-sdk-1.0.0.jar;C:\Users\Prashsti Amit ji\.m2\repository\io\opentelemetry\opentelemetry-semconv\1.0.0-alpha\opentelemetry-semconv-1.0.0-alpha.jar;C:\Users\Prashsti Amit ji\.m2\repository\net\bytebuddy\byte-buddy\1.10.19\byte-buddy-1.10.19.jar;C:\Users\Prashsti Amit ji\.m2\repository\org\apache\commons\commons-exec\1.3\commons-exec-1.3.jar;C:\Users\Prashsti Amit ji\.m2\repository\org\asynchttpclient\async-http-client\2.12.2\async-http-client-2.12.2.jar;C:\Users\Prashsti Amit ji\.m2\repository\org\asynchttpclient\async-http-client-netty-utils\2.12.2\async-http-client-netty-utils-2.12.2.jar;C:\Users\Prashsti Amit ji\.m2\repository\io\netty\netty-codec-socks\4.1.53.Final\netty-codec-socks-4.1.53.Final.jar;C:\Users\Prashsti Amit ji\.m2\repository\io\netty\netty-handler-proxy\4.1.53.Final\netty-handler-proxy-4.1.53.Final.jar;C:\Users\Prashsti Amit ji\.m2\repository\io\netty\netty-transport-native-epoll\4.1.53.Final\netty-transport-native-epoll-4.1.53.Final-linux-x86_64.jar;C:\Users\Prashsti Amit ji\.m2\repository\io\netty\netty-transport-native-kqueue\4.1.53.Final\netty-transport-native-kqueue-4.1.53.Final-osx-x86_64.jar;C:\Users\Prashsti Amit ji\.m2\repository\org\reactivestreams\reactive-streams\1.0.3\reactive-streams-1.0.3.jar;C:\Users\Prashsti Amit ji\.m2\repository\com\typesafe\netty\netty-reactive-streams\2.0.4\netty-reactive-streams-2.0.4.jar;C:\Users\Prashsti Amit ji\.m2\repository\com\sun\activation\jakarta.activation\1.2.2\jakarta.activation-1.2.2.jar;C:\Users\Prashsti Amit ji\.m2\repository\org\seleniumhq\selenium\selenium-safari-driver\4.0.0-beta-3\selenium-safari-driver-4.0.0-beta-3.jar;C:\Users\Prashsti Amit ji\.m2\repository\org\seleniumhq\selenium\selenium-support\4.0.0-beta-3\selenium-support-4.0.0-beta-3.jar;C:\Users\Prashsti Amit ji\.m2\repository\io\github\bonigarcia\webdrivermanager\4.4.3\webdrivermanager-4.4.3.jar;C:\Users\Prashsti Amit ji\.m2\repository\org\slf4j\slf4j-api\1.7.30\slf4j-api-1.7.30.jar;C:\Users\Prashsti Amit ji\.m2\repository\commons-io\commons-io\2.8.0\commons-io-2.8.0.jar;C:\Users\Prashsti Amit ji\.m2\repository\com\google\code\gson\gson\2.8.6\gson-2.8.6.jar;C:\Users\Prashsti Amit ji\.m2\repository\org\apache\commons\commons-lang3\3.12.0\commons-lang3-3.12.0.jar;C:\Users\Prashsti Amit ji\.m2\repository\org\apache\httpcomponents\client5\httpclient5\5.0.3\httpclient5-5.0.3.jar;C:\Users\Prashsti Amit ji\.m2\repository\org\apache\httpcomponents\core5\httpcore5\5.0.2\httpcore5-5.0.2.jar;C:\Users\Prashsti Amit ji\.m2\repository\org\apache\httpcomponents\core5\httpcore5-h2\5.0.2\httpcore5-h2-5.0.2.jar;C:\Users\Prashsti Amit ji\.m2\repository\org\rauschig\jarchivelib\1.1.0\jarchivelib-1.1.0.jar;C:\Users\Prashsti Amit ji\.m2\repository\org\jsoup\jsoup\1.13.1\jsoup-1.13.1.jar;C:\Users\Prashsti Amit ji\.m2\repository\org\apache\poi\poi\4.1.2\poi-4.1.2.jar;C:\Users\Prashsti Amit ji\.m2\repository\commons-codec\commons-codec\1.13\commons-codec-1.13.jar;C:\Users\Prashsti Amit ji\.m2\repository\org\apache\commons\commons-collections4\4.4\commons-collections4-4.4.jar;C:\Users\Prashsti Amit ji\.m2\repository\org\apache\commons\commons-math3\3.6.1\commons-math3-3.6.1.jar;C:\Users\Prashsti Amit ji\.m2\repository\com\zaxxer\SparseBitSet\1.2\SparseBitSet-1.2.jar;C:\Users\Prashsti Amit ji\.m2\repository\org\apache\poi\poi-ooxml\4.1.2\poi-ooxml-4.1.2.jar;C:\Users\Prashsti Amit ji\.m2\repository\org\apache\commons\commons-compress\1.19\commons-compress-1.19.jar;C:\Users\Prashsti Amit ji\.m2\repository\com\github\virtuald\curvesapi\1.06\curvesapi-1.06.jar;C:\Users\Prashsti Amit ji\.m2\repository\org\apache\poi\poi-ooxml-schemas\4.1.2\poi-ooxml-schemas-4.1.2.jar;C:\Users\Prashsti Amit ji\.m2\repository\org\apache\xmlbeans\xmlbeans\3.1.0\xmlbeans-3.1.0.jar;C:\Users\Prashsti Amit ji\.m2\repository\org\apache\poi\poi-scratchpad\4.1.2\poi-scratchpad-4.1.2.jar;C:\Users\Prashsti Amit ji\.m2\repository\org\apache\poi\ooxml-schemas\1.4\ooxml-schemas-1.4.jar;C:\Users\Prashsti Amit ji\.m2\repository\org\apache\poi\poi-excelant\4.1.2\poi-excelant-4.1.2.jar;C:\Users\Prashsti Amit ji\.m2\repository\org\apache\ant\ant\1.8.2\ant-1.8.2.jar;C:\Users\Prashsti Amit ji\.m2\repository\org\apache\ant\ant-launcher\1.8.2\ant-launcher-1.8.2.jar;C:\Users\Prashsti Amit ji\.m2\repository\org\apache\poi\poi-examples\4.1.2\poi-examples-4.1.2.jar;C:\Users\Prashsti Amit ji\.m2\repository\org\apache\poi\openxml4j\1.0-beta\openxml4j-1.0-beta.jar;C:\Users\Prashsti Amit ji\.m2\repository\dom4j\dom4j\1.6.1\dom4j-1.6.1.jar;C:\Users\Prashsti Amit ji\.m2\repository\xml-apis\xml-apis\1.0.b2\xml-apis-1.0.b2.jar;C:\Users\Prashsti Amit ji\.m2\repository\log4j\log4j\1.2.8\log4j-1.2.8.jar;C:\Users\Prashsti Amit ji\.m2\repository\com\relevantcodes\extentreports\2.41.2\extentreports-2.41.2.jar;C:\Users\Prashsti Amit ji\.m2\repository\org\xerial\sqlite-jdbc\3.8.11.1\sqlite-jdbc-3.8.11.1.jar;C:\Users\Prashsti Amit ji\.m2\repository\org\freemarker\freemarker\2.3.23\freemarker-2.3.23.jar;C:\Users\Prashsti Amit ji\.m2\repository\org\mongodb\mongodb-driver\3.0.4\mongodb-driver-3.0.4.jar;C:\Users\Prashsti Amit ji\.m2\repository\org\mongodb\mongodb-driver-core\3.0.4\mongodb-driver-core-3.0.4.jar;C:\Users\Prashsti Amit ji\.m2\repository\com\aventstack\extentreports\4.0.9\extentreports-4.0.9.jar;C:\Users\Prashsti Amit ji\.m2\repository\org\mongodb\bson\3.3.0\bson-3.3.0.jar;C:\Users\Prashsti Amit ji\.m2\repository\org\apache\httpcomponents\httpclient\4.5.2\httpclient-4.5.2.jar;C:\Users\Prashsti Amit ji\.m2\repository\org\apache\httpcomponents\httpcore\4.4.4\httpcore-4.4.4.jar;C:\Users\Prashsti Amit ji\.m2\repository\commons-logging\commons-logging\1.2\commons-logging-1.2.jar;C:\Users\Prashsti Amit ji\.m2\repository\org\apache\httpcomponents\httpmime\4.5.2\httpmime-4.5.2.jar;"/>
    <property name="java.vm.vendor" value="Oracle Corporation"/>
    <property name="sun.arch.data.model" value="64"/>
    <property name="user.variant" value=""/>
    <property name="java.vendor.url" value="http://java.oracle.com/"/>
    <property name="user.timezone" value="Asia/Calcutta"/>
    <property name="java.vm.specification.version" value="1.8"/>
    <property name="os.name" value="Windows 10"/>
    <property name="user.country" value="IN"/>
    <property name="sun.java.launcher" value="SUN_STANDARD"/>
    <property name="sun.boot.library.path" value="C:\Program Files\Java\jdk1.8.0_241\jre\bin"/>
    <property name="sun.java.command" value="C:\Users\Prashsti Amit ji\AppData\Local\Temp\surefire8193560612405094156\surefirebooter6005446532303305866.jar C:\Users\Prashsti Amit ji\AppData\Local\Temp\surefire8193560612405094156 2021-08-03T09-22-22_080-jvmRun1 surefire1434909781344928988tmp surefire_06122122184122130577tmp"/>
    <property name="surefire.test.class.path" value="D:\Selenium Code\gitexample2\target\test-classes;D:\Selenium Code\gitexample2\target\classes;C:\Users\Prashsti Amit ji\.m2\repository\org\testng\testng\7.4.0\testng-7.4.0.jar;C:\Users\Prashsti Amit ji\.m2\repository\com\beust\jcommander\1.78\jcommander-1.78.jar;C:\Users\Prashsti Amit ji\.m2\repository\org\webjars\jquery\3.5.1\jquery-3.5.1.jar;C:\Users\Prashsti Amit ji\.m2\repository\org\seleniumhq\selenium\selenium-java\4.0.0-beta-3\selenium-java-4.0.0-beta-3.jar;C:\Users\Prashsti Amit ji\.m2\repository\org\seleniumhq\selenium\selenium-api\4.0.0-beta-3\selenium-api-4.0.0-beta-3.jar;C:\Users\Prashsti Amit ji\.m2\repository\org\seleniumhq\selenium\selenium-chrome-driver\4.0.0-beta-3\selenium-chrome-driver-4.0.0-beta-3.jar;C:\Users\Prashsti Amit ji\.m2\repository\com\google\auto\service\auto-service-annotations\1.0-rc7\auto-service-annotations-1.0-rc7.jar;C:\Users\Prashsti Amit ji\.m2\repository\com\google\auto\service\auto-service\1.0-rc7\auto-service-1.0-rc7.jar;C:\Users\Prashsti Amit ji\.m2\repository\com\google\auto\auto-common\0.10\auto-common-0.10.jar;C:\Users\Prashsti Amit ji\.m2\repository\com\google\guava\guava\30.1-jre\guava-30.1-jre.jar;C:\Users\Prashsti Amit ji\.m2\repository\com\google\guava\failureaccess\1.0.1\failureaccess-1.0.1.jar;C:\Users\Prashsti Amit ji\.m2\repository\com\google\guava\listenablefuture\9999.0-empty-to-avoid-conflict-with-guava\listenablefuture-9999.0-empty-to-avoid-conflict-with-guava.jar;C:\Users\Prashsti Amit ji\.m2\repository\com\google\code\findbugs\jsr305\3.0.2\jsr305-3.0.2.jar;C:\Users\Prashsti Amit ji\.m2\repository\org\checkerframework\checker-qual\3.5.0\checker-qual-3.5.0.jar;C:\Users\Prashsti Amit ji\.m2\repository\com\google\errorprone\error_prone_annotations\2.3.4\error_prone_annotations-2.3.4.jar;C:\Users\Prashsti Amit ji\.m2\repository\com\google\j2objc\j2objc-annotations\1.3\j2objc-annotations-1.3.jar;C:\Users\Prashsti Amit ji\.m2\repository\org\seleniumhq\selenium\selenium-chromium-driver\4.0.0-beta-3\selenium-chromium-driver-4.0.0-beta-3.jar;C:\Users\Prashsti Amit ji\.m2\repository\org\seleniumhq\selenium\selenium-devtools\4.0.0-beta-3\selenium-devtools-4.0.0-beta-3.jar;C:\Users\Prashsti Amit ji\.m2\repository\org\seleniumhq\selenium\selenium-http\4.0.0-beta-3\selenium-http-4.0.0-beta-3.jar;C:\Users\Prashsti Amit ji\.m2\repository\org\seleniumhq\selenium\selenium-json\4.0.0-beta-3\selenium-json-4.0.0-beta-3.jar;C:\Users\Prashsti Amit ji\.m2\repository\org\seleniumhq\selenium\selenium-devtools-v85\4.0.0-beta-3\selenium-devtools-v85-4.0.0-beta-3.jar;C:\Users\Prashsti Amit ji\.m2\repository\org\seleniumhq\selenium\selenium-devtools-v88\4.0.0-beta-3\selenium-devtools-v88-4.0.0-beta-3.jar;C:\Users\Prashsti Amit ji\.m2\repository\org\seleniumhq\selenium\selenium-devtools-v89\4.0.0-beta-3\selenium-devtools-v89-4.0.0-beta-3.jar;C:\Users\Prashsti Amit ji\.m2\repository\org\seleniumhq\selenium\selenium-devtools-v90\4.0.0-beta-3\selenium-devtools-v90-4.0.0-beta-3.jar;C:\Users\Prashsti Amit ji\.m2\repository\org\seleniumhq\selenium\selenium-devtools-v91\4.0.0-beta-3\selenium-devtools-v91-4.0.0-beta-3.jar;C:\Users\Prashsti Amit ji\.m2\repository\org\seleniumhq\selenium\selenium-edge-driver\4.0.0-beta-3\selenium-edge-driver-4.0.0-beta-3.jar;C:\Users\Prashsti Amit ji\.m2\repository\org\seleniumhq\selenium\selenium-firefox-driver\4.0.0-beta-3\selenium-firefox-driver-4.0.0-beta-3.jar;C:\Users\Prashsti Amit ji\.m2\repository\org\seleniumhq\selenium\selenium-firefox-xpi-driver\4.0.0-beta-3\selenium-firefox-xpi-driver-4.0.0-beta-3.jar;C:\Users\Prashsti Amit ji\.m2\repository\org\seleniumhq\selenium\selenium-ie-driver\4.0.0-beta-3\selenium-ie-driver-4.0.0-beta-3.jar;C:\Users\Prashsti Amit ji\.m2\repository\org\seleniumhq\selenium\selenium-opera-driver\4.0.0-beta-3\selenium-opera-driver-4.0.0-beta-3.jar;C:\Users\Prashsti Amit ji\.m2\repository\org\seleniumhq\selenium\selenium-remote-driver\4.0.0-beta-3\selenium-remote-driver-4.0.0-beta-3.jar;C:\Users\Prashsti Amit ji\.m2\repository\io\netty\netty-buffer\4.1.58.Final\netty-buffer-4.1.58.Final.jar;C:\Users\Prashsti Amit ji\.m2\repository\io\netty\netty-codec-http\4.1.58.Final\netty-codec-http-4.1.58.Final.jar;C:\Users\Prashsti Amit ji\.m2\repository\io\netty\netty-codec\4.1.58.Final\netty-codec-4.1.58.Final.jar;C:\Users\Prashsti Amit ji\.m2\repository\io\netty\netty-handler\4.1.58.Final\netty-handler-4.1.58.Final.jar;C:\Users\Prashsti Amit ji\.m2\repository\io\netty\netty-common\4.1.58.Final\netty-common-4.1.58.Final.jar;C:\Users\Prashsti Amit ji\.m2\repository\io\netty\netty-transport-native-epoll\4.1.58.Final\netty-transport-native-epoll-4.1.58.Final.jar;C:\Users\Prashsti Amit ji\.m2\repository\io\netty\netty-transport-native-kqueue\4.1.58.Final\netty-transport-native-kqueue-4.1.58.Final.jar;C:\Users\Prashsti Amit ji\.m2\repository\io\netty\netty-transport-native-unix-common\4.1.58.Final\netty-transport-native-unix-common-4.1.58.Final.jar;C:\Users\Prashsti Amit ji\.m2\repository\io\netty\netty-transport\4.1.58.Final\netty-transport-4.1.58.Final.jar;C:\Users\Prashsti Amit ji\.m2\repository\io\netty\netty-resolver\4.1.58.Final\netty-resolver-4.1.58.Final.jar;C:\Users\Prashsti Amit ji\.m2\repository\io\opentelemetry\opentelemetry-api\1.0.0\opentelemetry-api-1.0.0.jar;C:\Users\Prashsti Amit ji\.m2\repository\io\opentelemetry\opentelemetry-context\1.0.0\opentelemetry-context-1.0.0.jar;C:\Users\Prashsti Amit ji\.m2\repository\io\opentelemetry\opentelemetry-exporter-logging\1.0.0\opentelemetry-exporter-logging-1.0.0.jar;C:\Users\Prashsti Amit ji\.m2\repository\io\opentelemetry\opentelemetry-sdk-metrics\1.0.0-alpha\opentelemetry-sdk-metrics-1.0.0-alpha.jar;C:\Users\Prashsti Amit ji\.m2\repository\io\opentelemetry\opentelemetry-sdk-common\1.0.0\opentelemetry-sdk-common-1.0.0.jar;C:\Users\Prashsti Amit ji\.m2\repository\io\opentelemetry\opentelemetry-sdk-extension-autoconfigure\1.0.0-alpha\opentelemetry-sdk-extension-autoconfigure-1.0.0-alpha.jar;C:\Users\Prashsti Amit ji\.m2\repository\io\opentelemetry\opentelemetry-sdk-trace\1.0.0\opentelemetry-sdk-trace-1.0.0.jar;C:\Users\Prashsti Amit ji\.m2\repository\io\opentelemetry\opentelemetry-api-metrics\1.0.0-alpha\opentelemetry-api-metrics-1.0.0-alpha.jar;C:\Users\Prashsti Amit ji\.m2\repository\io\opentelemetry\opentelemetry-sdk\1.0.0\opentelemetry-sdk-1.0.0.jar;C:\Users\Prashsti Amit ji\.m2\repository\io\opentelemetry\opentelemetry-semconv\1.0.0-alpha\opentelemetry-semconv-1.0.0-alpha.jar;C:\Users\Prashsti Amit ji\.m2\repository\net\bytebuddy\byte-buddy\1.10.19\byte-buddy-1.10.19.jar;C:\Users\Prashsti Amit ji\.m2\repository\org\apache\commons\commons-exec\1.3\commons-exec-1.3.jar;C:\Users\Prashsti Amit ji\.m2\repository\org\asynchttpclient\async-http-client\2.12.2\async-http-client-2.12.2.jar;C:\Users\Prashsti Amit ji\.m2\repository\org\asynchttpclient\async-http-client-netty-utils\2.12.2\async-http-client-netty-utils-2.12.2.jar;C:\Users\Prashsti Amit ji\.m2\repository\io\netty\netty-codec-socks\4.1.53.Final\netty-codec-socks-4.1.53.Final.jar;C:\Users\Prashsti Amit ji\.m2\repository\io\netty\netty-handler-proxy\4.1.53.Final\netty-handler-proxy-4.1.53.Final.jar;C:\Users\Prashsti Amit ji\.m2\repository\io\netty\netty-transport-native-epoll\4.1.53.Final\netty-transport-native-epoll-4.1.53.Final-linux-x86_64.jar;C:\Users\Prashsti Amit ji\.m2\repository\io\netty\netty-transport-native-kqueue\4.1.53.Final\netty-transport-native-kqueue-4.1.53.Final-osx-x86_64.jar;C:\Users\Prashsti Amit ji\.m2\repository\org\reactivestreams\reactive-streams\1.0.3\reactive-streams-1.0.3.jar;C:\Users\Prashsti Amit ji\.m2\repository\com\typesafe\netty\netty-reactive-streams\2.0.4\netty-reactive-streams-2.0.4.jar;C:\Users\Prashsti Amit ji\.m2\repository\com\sun\activation\jakarta.activation\1.2.2\jakarta.activation-1.2.2.jar;C:\Users\Prashsti Amit ji\.m2\repository\org\seleniumhq\selenium\selenium-safari-driver\4.0.0-beta-3\selenium-safari-driver-4.0.0-beta-3.jar;C:\Users\Prashsti Amit ji\.m2\repository\org\seleniumhq\selenium\selenium-support\4.0.0-beta-3\selenium-support-4.0.0-beta-3.jar;C:\Users\Prashsti Amit ji\.m2\repository\io\github\bonigarcia\webdrivermanager\4.4.3\webdrivermanager-4.4.3.jar;C:\Users\Prashsti Amit ji\.m2\repository\org\slf4j\slf4j-api\1.7.30\slf4j-api-1.7.30.jar;C:\Users\Prashsti Amit ji\.m2\repository\commons-io\commons-io\2.8.0\commons-io-2.8.0.jar;C:\Users\Prashsti Amit ji\.m2\repository\com\google\code\gson\gson\2.8.6\gson-2.8.6.jar;C:\Users\Prashsti Amit ji\.m2\repository\org\apache\commons\commons-lang3\3.12.0\commons-lang3-3.12.0.jar;C:\Users\Prashsti Amit ji\.m2\repository\org\apache\httpcomponents\client5\httpclient5\5.0.3\httpclient5-5.0.3.jar;C:\Users\Prashsti Amit ji\.m2\repository\org\apache\httpcomponents\core5\httpcore5\5.0.2\httpcore5-5.0.2.jar;C:\Users\Prashsti Amit ji\.m2\repository\org\apache\httpcomponents\core5\httpcore5-h2\5.0.2\httpcore5-h2-5.0.2.jar;C:\Users\Prashsti Amit ji\.m2\repository\org\rauschig\jarchivelib\1.1.0\jarchivelib-1.1.0.jar;C:\Users\Prashsti Amit ji\.m2\repository\org\jsoup\jsoup\1.13.1\jsoup-1.13.1.jar;C:\Users\Prashsti Amit ji\.m2\repository\org\apache\poi\poi\4.1.2\poi-4.1.2.jar;C:\Users\Prashsti Amit ji\.m2\repository\commons-codec\commons-codec\1.13\commons-codec-1.13.jar;C:\Users\Prashsti Amit ji\.m2\repository\org\apache\commons\commons-collections4\4.4\commons-collections4-4.4.jar;C:\Users\Prashsti Amit ji\.m2\repository\org\apache\commons\commons-math3\3.6.1\commons-math3-3.6.1.jar;C:\Users\Prashsti Amit ji\.m2\repository\com\zaxxer\SparseBitSet\1.2\SparseBitSet-1.2.jar;C:\Users\Prashsti Amit ji\.m2\repository\org\apache\poi\poi-ooxml\4.1.2\poi-ooxml-4.1.2.jar;C:\Users\Prashsti Amit ji\.m2\repository\org\apache\commons\commons-compress\1.19\commons-compress-1.19.jar;C:\Users\Prashsti Amit ji\.m2\repository\com\github\virtuald\curvesapi\1.06\curvesapi-1.06.jar;C:\Users\Prashsti Amit ji\.m2\repository\org\apache\poi\poi-ooxml-schemas\4.1.2\poi-ooxml-schemas-4.1.2.jar;C:\Users\Prashsti Amit ji\.m2\repository\org\apache\xmlbeans\xmlbeans\3.1.0\xmlbeans-3.1.0.jar;C:\Users\Prashsti Amit ji\.m2\repository\org\apache\poi\poi-scratchpad\4.1.2\poi-scratchpad-4.1.2.jar;C:\Users\Prashsti Amit ji\.m2\repository\org\apache\poi\ooxml-schemas\1.4\ooxml-schemas-1.4.jar;C:\Users\Prashsti Amit ji\.m2\repository\org\apache\poi\poi-excelant\4.1.2\poi-excelant-4.1.2.jar;C:\Users\Prashsti Amit ji\.m2\repository\org\apache\ant\ant\1.8.2\ant-1.8.2.jar;C:\Users\Prashsti Amit ji\.m2\repository\org\apache\ant\ant-launcher\1.8.2\ant-launcher-1.8.2.jar;C:\Users\Prashsti Amit ji\.m2\repository\org\apache\poi\poi-examples\4.1.2\poi-examples-4.1.2.jar;C:\Users\Prashsti Amit ji\.m2\repository\org\apache\poi\openxml4j\1.0-beta\openxml4j-1.0-beta.jar;C:\Users\Prashsti Amit ji\.m2\repository\dom4j\dom4j\1.6.1\dom4j-1.6.1.jar;C:\Users\Prashsti Amit ji\.m2\repository\xml-apis\xml-apis\1.0.b2\xml-apis-1.0.b2.jar;C:\Users\Prashsti Amit ji\.m2\repository\log4j\log4j\1.2.8\log4j-1.2.8.jar;C:\Users\Prashsti Amit ji\.m2\repository\com\relevantcodes\extentreports\2.41.2\extentreports-2.41.2.jar;C:\Users\Prashsti Amit ji\.m2\repository\org\xerial\sqlite-jdbc\3.8.11.1\sqlite-jdbc-3.8.11.1.jar;C:\Users\Prashsti Amit ji\.m2\repository\org\freemarker\freemarker\2.3.23\freemarker-2.3.23.jar;C:\Users\Prashsti Amit ji\.m2\repository\org\mongodb\mongodb-driver\3.0.4\mongodb-driver-3.0.4.jar;C:\Users\Prashsti Amit ji\.m2\repository\org\mongodb\mongodb-driver-core\3.0.4\mongodb-driver-core-3.0.4.jar;C:\Users\Prashsti Amit ji\.m2\repository\com\aventstack\extentreports\4.0.9\extentreports-4.0.9.jar;C:\Users\Prashsti Amit ji\.m2\repository\org\mongodb\bson\3.3.0\bson-3.3.0.jar;C:\Users\Prashsti Amit ji\.m2\repository\org\apache\httpcomponents\httpclient\4.5.2\httpclient-4.5.2.jar;C:\Users\Prashsti Amit ji\.m2\repository\org\apache\httpcomponents\httpcore\4.4.4\httpcore-4.4.4.jar;C:\Users\Prashsti Amit ji\.m2\repository\commons-logging\commons-logging\1.2\commons-logging-1.2.jar;C:\Users\Prashsti Amit ji\.m2\repository\org\apache\httpcomponents\httpmime\4.5.2\httpmime-4.5.2.jar;"/>
    <property name="sun.cpu.endian" value="little"/>
    <property name="user.home" value="C:\Users\Prashsti Amit ji"/>
    <property name="user.language" value="en"/>
    <property name="java.specification.vendor" value="Oracle Corporation"/>
    <property name="java.home" value="C:\Program Files\Java\jdk1.8.0_241\jre"/>
    <property name="basedir" value="D:\Selenium Code\gitexample2"/>
    <property name="file.separator" value="\"/>
    <property name="line.separator" value="&#10;"/>
    <property name="java.vm.specification.vendor" value="Oracle Corporation"/>
    <property name="java.specification.name" value="Java Platform API Specification"/>
    <property name="java.awt.graphicsenv" value="sun.awt.Win32GraphicsEnvironment"/>
    <property name="surefire.real.class.path" value="C:\Users\Prashsti Amit ji\AppData\Local\Temp\surefire8193560612405094156\surefirebooter6005446532303305866.jar"/>
    <property name="sun.boot.class.path" value="C:\Program Files\Java\jdk1.8.0_241\jre\lib\resources.jar;C:\Program Files\Java\jdk1.8.0_241\jre\lib\rt.jar;C:\Program Files\Java\jdk1.8.0_241\jre\lib\sunrsasign.jar;C:\Program Files\Java\jdk1.8.0_241\jre\lib\jsse.jar;C:\Program Files\Java\jdk1.8.0_241\jre\lib\jce.jar;C:\Program Files\Java\jdk1.8.0_241\jre\lib\charsets.jar;C:\Program Files\Java\jdk1.8.0_241\jre\lib\jfr.jar;C:\Program Files\Java\jdk1.8.0_241\jre\classes"/>
    <property name="user.script" value=""/>
    <property name="sun.management.compiler" value="HotSpot 64-Bit Tiered Compilers"/>
    <property name="java.runtime.version" value="1.8.0_241-b07"/>
    <property name="user.name" value="Prashsti Amit ji"/>
    <property name="path.separator" value=";"/>
    <property name="os.version" value="10.0"/>
    <property name="java.endorsed.dirs" value="C:\Program Files\Java\jdk1.8.0_241\jre\lib\endorsed"/>
    <property name="java.runtime.name" value="Java(TM) SE Runtime Environment"/>
    <property name="file.encoding" value="Cp1252"/>
    <property name="sun.nio.ch.bugLevel" value=""/>
    <property name="java.vm.name" value="Java HotSpot(TM) 64-Bit Server VM"/>
    <property name="localRepository" value="C:\Users\Prashsti Amit ji\.m2\repository"/>
    <property name="java.vendor.url.bug" value="http://bugreport.sun.com/bugreport/"/>
    <property name="java.io.tmpdir" value="C:\Users\PRASHS~2\AppData\Local\Temp\"/>
    <property name="java.version" value="1.8.0_241"/>
    <property name="user.dir" value="D:\Selenium Code\gitexample2"/>
    <property name="os.arch" value="amd64"/>
    <property name="java.vm.specification.name" value="Java Virtual Machine Specification"/>
    <property name="java.awt.printerjob" value="sun.awt.windows.WPrinterJob"/>
    <property name="sun.os.patch.level" value=""/>
    <property name="java.library.path" value="C:\Program Files\Java\jdk1.8.0_241\jre\bin;C:\WINDOWS\Sun\Java\bin;C:\WINDOWS\system32;C:\WINDOWS;C:/Users/Prashsti Amit ji/.p2/pool/plugins/org.eclipse.justj.openjdk.hotspot.jre.full.win32.x86_64_16.0.1.v20210528-1205/jre/bin/server;C:/Users/Prashsti Amit ji/.p2/pool/plugins/org.eclipse.justj.openjdk.hotspot.jre.full.win32.x86_64_16.0.1.v20210528-1205/jre/bin;C:\Program Files (x86)\Common Files\Oracle\Java\javapath;C:\WINDOWS\system32;C:\WINDOWS;C:\WINDOWS\System32\Wbem;C:\WINDOWS\System32\WindowsPowerShell\v1.0\;C:\WINDOWS\System32\OpenSSH\;C:\Program Files\Microsoft SQL Server\Client SDK\ODBC\130\Tools\Binn\;C:\Program Files (x86)\Microsoft SQL Server\140\Tools\Binn\;C:\Program Files\Microsoft SQL Server\140\Tools\Binn\;C:\Program Files\Microsoft SQL Server\140\DTS\Binn\;C:\Program Files (x86)\Microsoft SQL Server\150\DTS\Binn\;C:\Program Files\Java\jdk1.8.0_241\bin;C:\Program Files\Java\jdk1.8.0_241\bin;C:\Program Files\nodejs\;C:\Program Files\Apache Maven\apache-maven-3.8.1\bin;C:\Program Files\Git\bin;C:\Program Files\Git\cmd;C:\Users\Prashsti Amit ji\AppData\Local\Microsoft\WindowsApps;C:\Users\Prashsti Amit ji\AppData\Roaming\npm;C:\Program Files (x86)\Sophos\Sophos SSL VPN Client\bin;C:\Users\Prashsti Amit ji\Desktop;;."/>
    <property name="java.vm.info" value="mixed mode"/>
    <property name="java.vendor" value="Oracle Corporation"/>
    <property name="java.vm.version" value="25.241-b07"/>
    <property name="java.ext.dirs" value="C:\Program Files\Java\jdk1.8.0_241\jre\lib\ext;C:\WINDOWS\Sun\Java\lib\ext"/>
    <property name="sun.io.unicode.encoding" value="UnicodeLittle"/>
    <property name="java.class.version" value="52.0"/>
  </properties>
  <testcase name="RunIncognito" classname="gitexample2.runbrowserincognito" time="8.078">
    <system-err><![CDATA[SLF4J: Failed to load class "org.slf4j.impl.StaticLoggerBinder".
SLF4J: Defaulting to no-operation (NOP) logger implementation
SLF4J: See http://www.slf4j.org/codes.html#StaticLoggerBinder for further details.
log4j:WARN No appenders could be found for logger (io.netty.util.internal.logging.InternalLoggerFactory).
log4j:WARN Please initialize the log4j system properly.
Starting ChromeDriver 92.0.4515.107 (87a818b10553a07434ea9e2b6dccf3cbe7895134-refs/branch-heads/4515@{#1634}) on port 28887
Only local connections are allowed.
Please see https://chromedriver.chromium.org/security-considerations for suggestions on keeping ChromeDriver safe.
ChromeDriver was started successfully.
Aug 03, 2021 9:22:28 AM org.openqa.selenium.remote.ProtocolHandshake createSession
INFO: Detected dialect: W3C
Aug 03, 2021 9:22:28 AM org.openqa.selenium.devtools.CdpVersionFinder findNearestMatch
WARNING: Unable to find an exact match for CDP version 92, so returning the closest version found: 91
Aug 03, 2021 9:22:28 AM org.openqa.selenium.devtools.CdpVersionFinder findNearestMatch
INFO: Found CDP implementation for version 92 of 91
]]></system-err>
  </testcase>
  <testcase name="RemoveIfobar" classname="gitexample2.RemoveInforbarinChrome" time="5.891">
    <system-err><![CDATA[Starting ChromeDriver 92.0.4515.107 (87a818b10553a07434ea9e2b6dccf3cbe7895134-refs/branch-heads/4515@{#1634}) on port 29793
Only local connections are allowed.
Please see https://chromedriver.chromium.org/security-considerations for suggestions on keeping ChromeDriver safe.
ChromeDriver was started successfully.
Aug 03, 2021 9:22:33 AM org.openqa.selenium.remote.ProtocolHandshake createSession
INFO: Detected dialect: W3C
Aug 03, 2021 9:22:34 AM org.openqa.selenium.devtools.CdpVersionFinder findNearestMatch
WARNING: Unable to find an exact match for CDP version 92, so returning the closest version found: 91
Aug 03, 2021 9:22:34 AM org.openqa.selenium.devtools.CdpVersionFinder findNearestMatch
INFO: Found CDP implementation for version 92 of 91
]]></system-err>
  </testcase>
</testsuite>