<?xml version="1.0" encoding="UTF-8"?>
<!-- Generated by org.testng.reporters.JUnitReportReporter -->
<testsuite skipped="0" hostname="LAPTOP-M2P9FD29" name="gitexample2.findAlllinks" tests="1" failures="0" timestamp="2021-08-03T10:12:35 IST" time="8.158" errors="0">
  <testcase name="findAllPagelinks" time="8.158" classname="gitexample2.findAlllinks"/>
  <system-out/>
</testsuite> <!-- gitexample2.findAlllinks -->
