<?xml version="1.0" encoding="UTF-8"?>
<!-- Generated by org.testng.reporters.JUnitReportReporter -->
<testsuite skipped="0" hostname="LAPTOP-M2P9FD29" name="gitexample2.runbrowserincognito" tests="1" failures="0" timestamp="2021-08-03T09:19:28 IST" time="10.303" errors="0">
  <testcase name="RunIncognito" time="10.303" classname="gitexample2.runbrowserincognito"/>
  <system-out/>
</testsuite> <!-- gitexample2.runbrowserincognito -->
