<?xml version="1.0" encoding="UTF-8"?>
<!-- Generated by org.testng.reporters.JUnitReportReporter -->
<testsuite skipped="0" hostname="LAPTOP-M2P9FD29" name="gitexample2.findAlllinks" tests="1" failures="0" timestamp="2021-08-03T14:00:52 IST" time="7.444" errors="0">
  <testcase name="findAllPagelinks" time="7.444" classname="gitexample2.findAlllinks"/>
  <system-out/>
</testsuite> <!-- gitexample2.findAlllinks -->
