<?xml version="1.0" encoding="UTF-8"?>
<!-- Generated by org.testng.reporters.JUnitReportReporter -->
<testsuite skipped="0" hostname="LAPTOP-M2P9FD29" name="gitexample2.RemoveInforbarinChrome" tests="1" failures="0" timestamp="2021-08-03T09:22:38 IST" time="5.928" errors="0">
  <testcase name="RemoveIfobar" time="5.928" classname="gitexample2.RemoveInforbarinChrome"/>
  <system-out/>
</testsuite> <!-- gitexample2.RemoveInforbarinChrome -->
